<?xml version="1.0" encoding="UTF-8"?>
<testsuite xmlns:xsi="http://www.w3.org/2001/XMLSchema-instance" xsi:noNamespaceSchemaLocation="https://maven.apache.org/surefire/maven-surefire-plugin/xsd/surefire-test-report.xsd" name="com.iduanpeng.AppTest" time="0.083" tests="1" errors="0" skipped="0" failures="0">
  <properties>
    <property name="sun.desktop" value="windows"/>
    <property name="awt.toolkit" value="sun.awt.windows.WToolkit"/>
    <property name="file.encoding.pkg" value="sun.io"/>
    <property name="java.specification.version" value="1.8"/>
    <property name="sun.cpu.isalist" value="amd64"/>
    <property name="sun.jnu.encoding" value="GBK"/>
    <property name="java.class.path" value="C:\Users\duan.peng\IdeaProjects\codeNotes\flink\target\test-classes;C:\Users\duan.peng\IdeaProjects\codeNotes\flink\target\classes;C:\Users\duan.peng\.m2\repository\org\apache\flink\flink-core\1.7.2\flink-core-1.7.2.jar;C:\Users\duan.peng\.m2\repository\org\apache\flink\flink-annotations\1.7.2\flink-annotations-1.7.2.jar;C:\Users\duan.peng\.m2\repository\org\apache\flink\flink-metrics-core\1.7.2\flink-metrics-core-1.7.2.jar;C:\Users\duan.peng\.m2\repository\org\apache\flink\flink-shaded-asm\5.0.4-5.0\flink-shaded-asm-5.0.4-5.0.jar;C:\Users\duan.peng\.m2\repository\org\apache\commons\commons-lang3\3.8.1\commons-lang3-3.8.1.jar;C:\Users\duan.peng\.m2\repository\com\esotericsoftware\kryo\kryo\2.24.0\kryo-2.24.0.jar;C:\Users\duan.peng\.m2\repository\com\esotericsoftware\minlog\minlog\1.2\minlog-1.2.jar;C:\Users\duan.peng\.m2\repository\org\objenesis\objenesis\2.1\objenesis-2.1.jar;C:\Users\duan.peng\.m2\repository\commons-collections\commons-collections\3.2.2\commons-collections-3.2.2.jar;C:\Users\duan.peng\.m2\repository\org\apache\commons\commons-compress\1.18\commons-compress-1.18.jar;C:\Users\duan.peng\.m2\repository\org\slf4j\slf4j-api\1.7.26\slf4j-api-1.7.26.jar;C:\Users\duan.peng\.m2\repository\com\google\code\findbugs\jsr305\1.3.9\jsr305-1.3.9.jar;C:\Users\duan.peng\.m2\repository\org\apache\flink\force-shading\1.7.2\force-shading-1.7.2.jar;C:\Users\duan.peng\.m2\repository\org\apache\flink\flink-java\1.7.2\flink-java-1.7.2.jar;C:\Users\duan.peng\.m2\repository\org\apache\commons\commons-math3\3.5\commons-math3-3.5.jar;C:\Users\duan.peng\.m2\repository\org\apache\flink\flink-scala_2.11\1.7.2\flink-scala_2.11-1.7.2.jar;C:\Users\duan.peng\.m2\repository\org\apache\flink\flink-shaded-asm-6\6.2.1-5.0\flink-shaded-asm-6-6.2.1-5.0.jar;C:\Users\duan.peng\.m2\repository\org\scala-lang\scala-reflect\2.11.12\scala-reflect-2.11.12.jar;C:\Users\duan.peng\.m2\repository\org\scala-lang\scala-library\2.11.12\scala-library-2.11.12.jar;C:\Users\duan.peng\.m2\repository\org\scala-lang\scala-compiler\2.11.12\scala-compiler-2.11.12.jar;C:\Users\duan.peng\.m2\repository\org\scala-lang\modules\scala-xml_2.11\1.0.5\scala-xml_2.11-1.0.5.jar;C:\Users\duan.peng\.m2\repository\org\scala-lang\modules\scala-parser-combinators_2.11\1.0.4\scala-parser-combinators_2.11-1.0.4.jar;C:\Users\duan.peng\.m2\repository\org\apache\flink\flink-clients_2.11\1.7.2\flink-clients_2.11-1.7.2.jar;C:\Users\duan.peng\.m2\repository\org\apache\flink\flink-runtime_2.11\1.7.2\flink-runtime_2.11-1.7.2.jar;C:\Users\duan.peng\.m2\repository\org\apache\flink\flink-queryable-state-client-java_2.11\1.7.2\flink-queryable-state-client-java_2.11-1.7.2.jar;C:\Users\duan.peng\.m2\repository\org\apache\flink\flink-hadoop-fs\1.7.2\flink-hadoop-fs-1.7.2.jar;C:\Users\duan.peng\.m2\repository\commons-io\commons-io\2.4\commons-io-2.4.jar;C:\Users\duan.peng\.m2\repository\org\apache\flink\flink-shaded-netty\4.1.24.Final-5.0\flink-shaded-netty-4.1.24.Final-5.0.jar;C:\Users\duan.peng\.m2\repository\org\apache\flink\flink-shaded-jackson\2.7.9-5.0\flink-shaded-jackson-2.7.9-5.0.jar;C:\Users\duan.peng\.m2\repository\org\javassist\javassist\3.19.0-GA\javassist-3.19.0-GA.jar;C:\Users\duan.peng\.m2\repository\com\typesafe\akka\akka-actor_2.11\2.4.20\akka-actor_2.11-2.4.20.jar;C:\Users\duan.peng\.m2\repository\com\typesafe\config\1.3.0\config-1.3.0.jar;C:\Users\duan.peng\.m2\repository\org\scala-lang\modules\scala-java8-compat_2.11\0.7.0\scala-java8-compat_2.11-0.7.0.jar;C:\Users\duan.peng\.m2\repository\com\typesafe\akka\akka-stream_2.11\2.4.20\akka-stream_2.11-2.4.20.jar;C:\Users\duan.peng\.m2\repository\org\reactivestreams\reactive-streams\1.0.2\reactive-streams-1.0.2.jar;C:\Users\duan.peng\.m2\repository\com\typesafe\ssl-config-core_2.11\0.2.1\ssl-config-core_2.11-0.2.1.jar;C:\Users\duan.peng\.m2\repository\com\typesafe\akka\akka-protobuf_2.11\2.4.20\akka-protobuf_2.11-2.4.20.jar;C:\Users\duan.peng\.m2\repository\com\typesafe\akka\akka-slf4j_2.11\2.4.20\akka-slf4j_2.11-2.4.20.jar;C:\Users\duan.peng\.m2\repository\org\clapper\grizzled-slf4j_2.11\1.3.2\grizzled-slf4j_2.11-1.3.2.jar;C:\Users\duan.peng\.m2\repository\com\github\scopt\scopt_2.11\3.5.0\scopt_2.11-3.5.0.jar;C:\Users\duan.peng\.m2\repository\org\xerial\snappy\snappy-java\1.1.4\snappy-java-1.1.4.jar;C:\Users\duan.peng\.m2\repository\com\twitter\chill_2.11\0.7.6\chill_2.11-0.7.6.jar;C:\Users\duan.peng\.m2\repository\com\twitter\chill-java\0.7.6\chill-java-0.7.6.jar;C:\Users\duan.peng\.m2\repository\org\apache\flink\flink-optimizer_2.11\1.7.2\flink-optimizer_2.11-1.7.2.jar;C:\Users\duan.peng\.m2\repository\commons-cli\commons-cli\1.3.1\commons-cli-1.3.1.jar;C:\Users\duan.peng\.m2\repository\mysql\mysql-connector-java\5.1.40\mysql-connector-java-5.1.40.jar;C:\Users\duan.peng\.m2\repository\org\apache\flink\flink-table_2.11\1.7.0\flink-table_2.11-1.7.0.jar;C:\Users\duan.peng\.m2\repository\org\apache\flink\flink-jdbc_2.11\1.7.2\flink-jdbc_2.11-1.7.2.jar;C:\Users\duan.peng\.m2\repository\org\apache\flink\flink-streaming-java_2.11\1.7.2\flink-streaming-java_2.11-1.7.2.jar;C:\Users\duan.peng\.m2\repository\org\apache\flink\flink-shaded-guava\18.0-5.0\flink-shaded-guava-18.0-5.0.jar;C:\Users\duan.peng\.m2\repository\org\projectlombok\lombok\1.18.8\lombok-1.18.8.jar;C:\Users\duan.peng\.m2\repository\junit\junit\4.11\junit-4.11.jar;C:\Users\duan.peng\.m2\repository\org\hamcrest\hamcrest-core\1.3\hamcrest-core-1.3.jar;C:\Users\duan.peng\.m2\repository\org\springframework\boot\spring-boot-starter-web\2.1.7.RELEASE\spring-boot-starter-web-2.1.7.RELEASE.jar;C:\Users\duan.peng\.m2\repository\org\springframework\boot\spring-boot-starter\2.1.7.RELEASE\spring-boot-starter-2.1.7.RELEASE.jar;C:\Users\duan.peng\.m2\repository\org\springframework\boot\spring-boot\2.1.7.RELEASE\spring-boot-2.1.7.RELEASE.jar;C:\Users\duan.peng\.m2\repository\org\springframework\boot\spring-boot-autoconfigure\2.1.7.RELEASE\spring-boot-autoconfigure-2.1.7.RELEASE.jar;C:\Users\duan.peng\.m2\repository\org\springframework\boot\spring-boot-starter-logging\2.1.7.RELEASE\spring-boot-starter-logging-2.1.7.RELEASE.jar;C:\Users\duan.peng\.m2\repository\ch\qos\logback\logback-classic\1.2.3\logback-classic-1.2.3.jar;C:\Users\duan.peng\.m2\repository\ch\qos\logback\logback-core\1.2.3\logback-core-1.2.3.jar;C:\Users\duan.peng\.m2\repository\org\apache\logging\log4j\log4j-to-slf4j\2.11.2\log4j-to-slf4j-2.11.2.jar;C:\Users\duan.peng\.m2\repository\org\apache\logging\log4j\log4j-api\2.11.2\log4j-api-2.11.2.jar;C:\Users\duan.peng\.m2\repository\org\slf4j\jul-to-slf4j\1.7.26\jul-to-slf4j-1.7.26.jar;C:\Users\duan.peng\.m2\repository\javax\annotation\javax.annotation-api\1.3.2\javax.annotation-api-1.3.2.jar;C:\Users\duan.peng\.m2\repository\org\springframework\spring-core\5.1.9.RELEASE\spring-core-5.1.9.RELEASE.jar;C:\Users\duan.peng\.m2\repository\org\springframework\spring-jcl\5.1.9.RELEASE\spring-jcl-5.1.9.RELEASE.jar;C:\Users\duan.peng\.m2\repository\org\yaml\snakeyaml\1.23\snakeyaml-1.23.jar;C:\Users\duan.peng\.m2\repository\org\springframework\boot\spring-boot-starter-json\2.1.7.RELEASE\spring-boot-starter-json-2.1.7.RELEASE.jar;C:\Users\duan.peng\.m2\repository\com\fasterxml\jackson\datatype\jackson-datatype-jdk8\2.9.9\jackson-datatype-jdk8-2.9.9.jar;C:\Users\duan.peng\.m2\repository\com\fasterxml\jackson\datatype\jackson-datatype-jsr310\2.9.9\jackson-datatype-jsr310-2.9.9.jar;C:\Users\duan.peng\.m2\repository\com\fasterxml\jackson\module\jackson-module-parameter-names\2.9.9\jackson-module-parameter-names-2.9.9.jar;C:\Users\duan.peng\.m2\repository\org\springframework\boot\spring-boot-starter-tomcat\2.1.7.RELEASE\spring-boot-starter-tomcat-2.1.7.RELEASE.jar;C:\Users\duan.peng\.m2\repository\org\apache\tomcat\embed\tomcat-embed-core\9.0.22\tomcat-embed-core-9.0.22.jar;C:\Users\duan.peng\.m2\repository\org\apache\tomcat\embed\tomcat-embed-el\9.0.22\tomcat-embed-el-9.0.22.jar;C:\Users\duan.peng\.m2\repository\org\apache\tomcat\embed\tomcat-embed-websocket\9.0.22\tomcat-embed-websocket-9.0.22.jar;C:\Users\duan.peng\.m2\repository\org\hibernate\validator\hibernate-validator\6.0.17.Final\hibernate-validator-6.0.17.Final.jar;C:\Users\duan.peng\.m2\repository\javax\validation\validation-api\2.0.1.Final\validation-api-2.0.1.Final.jar;C:\Users\duan.peng\.m2\repository\org\jboss\logging\jboss-logging\3.3.2.Final\jboss-logging-3.3.2.Final.jar;C:\Users\duan.peng\.m2\repository\com\fasterxml\classmate\1.4.0\classmate-1.4.0.jar;C:\Users\duan.peng\.m2\repository\org\springframework\spring-web\5.1.9.RELEASE\spring-web-5.1.9.RELEASE.jar;C:\Users\duan.peng\.m2\repository\org\springframework\spring-beans\5.1.9.RELEASE\spring-beans-5.1.9.RELEASE.jar;C:\Users\duan.peng\.m2\repository\org\springframework\spring-webmvc\5.1.9.RELEASE\spring-webmvc-5.1.9.RELEASE.jar;C:\Users\duan.peng\.m2\repository\org\springframework\spring-aop\5.1.9.RELEASE\spring-aop-5.1.9.RELEASE.jar;C:\Users\duan.peng\.m2\repository\org\springframework\spring-expression\5.1.9.RELEASE\spring-expression-5.1.9.RELEASE.jar;C:\Users\duan.peng\.m2\repository\org\springframework\boot\spring-boot-starter-quartz\2.1.7.RELEASE\spring-boot-starter-quartz-2.1.7.RELEASE.jar;C:\Users\duan.peng\.m2\repository\org\springframework\spring-context-support\5.1.9.RELEASE\spring-context-support-5.1.9.RELEASE.jar;C:\Users\duan.peng\.m2\repository\org\springframework\spring-tx\5.1.9.RELEASE\spring-tx-5.1.9.RELEASE.jar;C:\Users\duan.peng\.m2\repository\org\quartz-scheduler\quartz\2.3.1\quartz-2.3.1.jar;C:\Users\duan.peng\.m2\repository\com\mchange\mchange-commons-java\0.2.15\mchange-commons-java-0.2.15.jar;C:\Users\duan.peng\.m2\repository\com\xuxueli\xxl-job-core\1.9.2\xxl-job-core-1.9.2.jar;C:\Users\duan.peng\.m2\repository\org\eclipse\jetty\jetty-server\9.4.19.v20190610\jetty-server-9.4.19.v20190610.jar;C:\Users\duan.peng\.m2\repository\javax\servlet\javax.servlet-api\4.0.1\javax.servlet-api-4.0.1.jar;C:\Users\duan.peng\.m2\repository\org\eclipse\jetty\jetty-http\9.4.19.v20190610\jetty-http-9.4.19.v20190610.jar;C:\Users\duan.peng\.m2\repository\org\eclipse\jetty\jetty-util\9.4.19.v20190610\jetty-util-9.4.19.v20190610.jar;C:\Users\duan.peng\.m2\repository\org\eclipse\jetty\jetty-io\9.4.19.v20190610\jetty-io-9.4.19.v20190610.jar;C:\Users\duan.peng\.m2\repository\org\apache\httpcomponents\httpclient\4.5.9\httpclient-4.5.9.jar;C:\Users\duan.peng\.m2\repository\org\apache\httpcomponents\httpcore\4.4.11\httpcore-4.4.11.jar;C:\Users\duan.peng\.m2\repository\commons-codec\commons-codec\1.11\commons-codec-1.11.jar;C:\Users\duan.peng\.m2\repository\com\caucho\hessian\4.0.51\hessian-4.0.51.jar;C:\Users\duan.peng\.m2\repository\org\codehaus\groovy\groovy-all\2.4.15\groovy-all-2.4.15.jar;C:\Users\duan.peng\.m2\repository\org\apache\commons\commons-exec\1.3\commons-exec-1.3.jar;C:\Users\duan.peng\.m2\repository\org\springframework\spring-context\5.1.9.RELEASE\spring-context-5.1.9.RELEASE.jar;C:\Users\duan.peng\.m2\repository\com\fasterxml\jackson\core\jackson-databind\2.9.9\jackson-databind-2.9.9.jar;C:\Users\duan.peng\.m2\repository\com\fasterxml\jackson\core\jackson-annotations\2.9.0\jackson-annotations-2.9.0.jar;C:\Users\duan.peng\.m2\repository\com\fasterxml\jackson\core\jackson-core\2.9.9\jackson-core-2.9.9.jar;"/>
    <property name="java.vm.vendor" value="Oracle Corporation"/>
    <property name="sun.arch.data.model" value="64"/>
    <property name="user.variant" value=""/>
    <property name="java.vendor.url" value="http://java.oracle.com/"/>
    <property name="user.timezone" value="Asia/Shanghai"/>
    <property name="java.vm.specification.version" value="1.8"/>
    <property name="os.name" value="Windows 7"/>
    <property name="user.country" value="CN"/>
    <property name="sun.java.launcher" value="SUN_STANDARD"/>
    <property name="sun.boot.library.path" value="C:\Program Files\Java\jdk1.8.0_201\jre\bin"/>
    <property name="sun.java.command" value="C:\Users\DUAN~1.PEN\AppData\Local\Temp\surefire7239926505230595753\surefirebooter5207654479152453072.jar C:\Users\duan.peng\AppData\Local\Temp\surefire7239926505230595753 2019-09-19T20-53-57_121-jvmRun1 surefire522049279699864774tmp surefire_06463121184185271276tmp"/>
    <property name="surefire.test.class.path" value="C:\Users\duan.peng\IdeaProjects\codeNotes\flink\target\test-classes;C:\Users\duan.peng\IdeaProjects\codeNotes\flink\target\classes;C:\Users\duan.peng\.m2\repository\org\apache\flink\flink-core\1.7.2\flink-core-1.7.2.jar;C:\Users\duan.peng\.m2\repository\org\apache\flink\flink-annotations\1.7.2\flink-annotations-1.7.2.jar;C:\Users\duan.peng\.m2\repository\org\apache\flink\flink-metrics-core\1.7.2\flink-metrics-core-1.7.2.jar;C:\Users\duan.peng\.m2\repository\org\apache\flink\flink-shaded-asm\5.0.4-5.0\flink-shaded-asm-5.0.4-5.0.jar;C:\Users\duan.peng\.m2\repository\org\apache\commons\commons-lang3\3.8.1\commons-lang3-3.8.1.jar;C:\Users\duan.peng\.m2\repository\com\esotericsoftware\kryo\kryo\2.24.0\kryo-2.24.0.jar;C:\Users\duan.peng\.m2\repository\com\esotericsoftware\minlog\minlog\1.2\minlog-1.2.jar;C:\Users\duan.peng\.m2\repository\org\objenesis\objenesis\2.1\objenesis-2.1.jar;C:\Users\duan.peng\.m2\repository\commons-collections\commons-collections\3.2.2\commons-collections-3.2.2.jar;C:\Users\duan.peng\.m2\repository\org\apache\commons\commons-compress\1.18\commons-compress-1.18.jar;C:\Users\duan.peng\.m2\repository\org\slf4j\slf4j-api\1.7.26\slf4j-api-1.7.26.jar;C:\Users\duan.peng\.m2\repository\com\google\code\findbugs\jsr305\1.3.9\jsr305-1.3.9.jar;C:\Users\duan.peng\.m2\repository\org\apache\flink\force-shading\1.7.2\force-shading-1.7.2.jar;C:\Users\duan.peng\.m2\repository\org\apache\flink\flink-java\1.7.2\flink-java-1.7.2.jar;C:\Users\duan.peng\.m2\repository\org\apache\commons\commons-math3\3.5\commons-math3-3.5.jar;C:\Users\duan.peng\.m2\repository\org\apache\flink\flink-scala_2.11\1.7.2\flink-scala_2.11-1.7.2.jar;C:\Users\duan.peng\.m2\repository\org\apache\flink\flink-shaded-asm-6\6.2.1-5.0\flink-shaded-asm-6-6.2.1-5.0.jar;C:\Users\duan.peng\.m2\repository\org\scala-lang\scala-reflect\2.11.12\scala-reflect-2.11.12.jar;C:\Users\duan.peng\.m2\repository\org\scala-lang\scala-library\2.11.12\scala-library-2.11.12.jar;C:\Users\duan.peng\.m2\repository\org\scala-lang\scala-compiler\2.11.12\scala-compiler-2.11.12.jar;C:\Users\duan.peng\.m2\repository\org\scala-lang\modules\scala-xml_2.11\1.0.5\scala-xml_2.11-1.0.5.jar;C:\Users\duan.peng\.m2\repository\org\scala-lang\modules\scala-parser-combinators_2.11\1.0.4\scala-parser-combinators_2.11-1.0.4.jar;C:\Users\duan.peng\.m2\repository\org\apache\flink\flink-clients_2.11\1.7.2\flink-clients_2.11-1.7.2.jar;C:\Users\duan.peng\.m2\repository\org\apache\flink\flink-runtime_2.11\1.7.2\flink-runtime_2.11-1.7.2.jar;C:\Users\duan.peng\.m2\repository\org\apache\flink\flink-queryable-state-client-java_2.11\1.7.2\flink-queryable-state-client-java_2.11-1.7.2.jar;C:\Users\duan.peng\.m2\repository\org\apache\flink\flink-hadoop-fs\1.7.2\flink-hadoop-fs-1.7.2.jar;C:\Users\duan.peng\.m2\repository\commons-io\commons-io\2.4\commons-io-2.4.jar;C:\Users\duan.peng\.m2\repository\org\apache\flink\flink-shaded-netty\4.1.24.Final-5.0\flink-shaded-netty-4.1.24.Final-5.0.jar;C:\Users\duan.peng\.m2\repository\org\apache\flink\flink-shaded-jackson\2.7.9-5.0\flink-shaded-jackson-2.7.9-5.0.jar;C:\Users\duan.peng\.m2\repository\org\javassist\javassist\3.19.0-GA\javassist-3.19.0-GA.jar;C:\Users\duan.peng\.m2\repository\com\typesafe\akka\akka-actor_2.11\2.4.20\akka-actor_2.11-2.4.20.jar;C:\Users\duan.peng\.m2\repository\com\typesafe\config\1.3.0\config-1.3.0.jar;C:\Users\duan.peng\.m2\repository\org\scala-lang\modules\scala-java8-compat_2.11\0.7.0\scala-java8-compat_2.11-0.7.0.jar;C:\Users\duan.peng\.m2\repository\com\typesafe\akka\akka-stream_2.11\2.4.20\akka-stream_2.11-2.4.20.jar;C:\Users\duan.peng\.m2\repository\org\reactivestreams\reactive-streams\1.0.2\reactive-streams-1.0.2.jar;C:\Users\duan.peng\.m2\repository\com\typesafe\ssl-config-core_2.11\0.2.1\ssl-config-core_2.11-0.2.1.jar;C:\Users\duan.peng\.m2\repository\com\typesafe\akka\akka-protobuf_2.11\2.4.20\akka-protobuf_2.11-2.4.20.jar;C:\Users\duan.peng\.m2\repository\com\typesafe\akka\akka-slf4j_2.11\2.4.20\akka-slf4j_2.11-2.4.20.jar;C:\Users\duan.peng\.m2\repository\org\clapper\grizzled-slf4j_2.11\1.3.2\grizzled-slf4j_2.11-1.3.2.jar;C:\Users\duan.peng\.m2\repository\com\github\scopt\scopt_2.11\3.5.0\scopt_2.11-3.5.0.jar;C:\Users\duan.peng\.m2\repository\org\xerial\snappy\snappy-java\1.1.4\snappy-java-1.1.4.jar;C:\Users\duan.peng\.m2\repository\com\twitter\chill_2.11\0.7.6\chill_2.11-0.7.6.jar;C:\Users\duan.peng\.m2\repository\com\twitter\chill-java\0.7.6\chill-java-0.7.6.jar;C:\Users\duan.peng\.m2\repository\org\apache\flink\flink-optimizer_2.11\1.7.2\flink-optimizer_2.11-1.7.2.jar;C:\Users\duan.peng\.m2\repository\commons-cli\commons-cli\1.3.1\commons-cli-1.3.1.jar;C:\Users\duan.peng\.m2\repository\mysql\mysql-connector-java\5.1.40\mysql-connector-java-5.1.40.jar;C:\Users\duan.peng\.m2\repository\org\apache\flink\flink-table_2.11\1.7.0\flink-table_2.11-1.7.0.jar;C:\Users\duan.peng\.m2\repository\org\apache\flink\flink-jdbc_2.11\1.7.2\flink-jdbc_2.11-1.7.2.jar;C:\Users\duan.peng\.m2\repository\org\apache\flink\flink-streaming-java_2.11\1.7.2\flink-streaming-java_2.11-1.7.2.jar;C:\Users\duan.peng\.m2\repository\org\apache\flink\flink-shaded-guava\18.0-5.0\flink-shaded-guava-18.0-5.0.jar;C:\Users\duan.peng\.m2\repository\org\projectlombok\lombok\1.18.8\lombok-1.18.8.jar;C:\Users\duan.peng\.m2\repository\junit\junit\4.11\junit-4.11.jar;C:\Users\duan.peng\.m2\repository\org\hamcrest\hamcrest-core\1.3\hamcrest-core-1.3.jar;C:\Users\duan.peng\.m2\repository\org\springframework\boot\spring-boot-starter-web\2.1.7.RELEASE\spring-boot-starter-web-2.1.7.RELEASE.jar;C:\Users\duan.peng\.m2\repository\org\springframework\boot\spring-boot-starter\2.1.7.RELEASE\spring-boot-starter-2.1.7.RELEASE.jar;C:\Users\duan.peng\.m2\repository\org\springframework\boot\spring-boot\2.1.7.RELEASE\spring-boot-2.1.7.RELEASE.jar;C:\Users\duan.peng\.m2\repository\org\springframework\boot\spring-boot-autoconfigure\2.1.7.RELEASE\spring-boot-autoconfigure-2.1.7.RELEASE.jar;C:\Users\duan.peng\.m2\repository\org\springframework\boot\spring-boot-starter-logging\2.1.7.RELEASE\spring-boot-starter-logging-2.1.7.RELEASE.jar;C:\Users\duan.peng\.m2\repository\ch\qos\logback\logback-classic\1.2.3\logback-classic-1.2.3.jar;C:\Users\duan.peng\.m2\repository\ch\qos\logback\logback-core\1.2.3\logback-core-1.2.3.jar;C:\Users\duan.peng\.m2\repository\org\apache\logging\log4j\log4j-to-slf4j\2.11.2\log4j-to-slf4j-2.11.2.jar;C:\Users\duan.peng\.m2\repository\org\apache\logging\log4j\log4j-api\2.11.2\log4j-api-2.11.2.jar;C:\Users\duan.peng\.m2\repository\org\slf4j\jul-to-slf4j\1.7.26\jul-to-slf4j-1.7.26.jar;C:\Users\duan.peng\.m2\repository\javax\annotation\javax.annotation-api\1.3.2\javax.annotation-api-1.3.2.jar;C:\Users\duan.peng\.m2\repository\org\springframework\spring-core\5.1.9.RELEASE\spring-core-5.1.9.RELEASE.jar;C:\Users\duan.peng\.m2\repository\org\springframework\spring-jcl\5.1.9.RELEASE\spring-jcl-5.1.9.RELEASE.jar;C:\Users\duan.peng\.m2\repository\org\yaml\snakeyaml\1.23\snakeyaml-1.23.jar;C:\Users\duan.peng\.m2\repository\org\springframework\boot\spring-boot-starter-json\2.1.7.RELEASE\spring-boot-starter-json-2.1.7.RELEASE.jar;C:\Users\duan.peng\.m2\repository\com\fasterxml\jackson\datatype\jackson-datatype-jdk8\2.9.9\jackson-datatype-jdk8-2.9.9.jar;C:\Users\duan.peng\.m2\repository\com\fasterxml\jackson\datatype\jackson-datatype-jsr310\2.9.9\jackson-datatype-jsr310-2.9.9.jar;C:\Users\duan.peng\.m2\repository\com\fasterxml\jackson\module\jackson-module-parameter-names\2.9.9\jackson-module-parameter-names-2.9.9.jar;C:\Users\duan.peng\.m2\repository\org\springframework\boot\spring-boot-starter-tomcat\2.1.7.RELEASE\spring-boot-starter-tomcat-2.1.7.RELEASE.jar;C:\Users\duan.peng\.m2\repository\org\apache\tomcat\embed\tomcat-embed-core\9.0.22\tomcat-embed-core-9.0.22.jar;C:\Users\duan.peng\.m2\repository\org\apache\tomcat\embed\tomcat-embed-el\9.0.22\tomcat-embed-el-9.0.22.jar;C:\Users\duan.peng\.m2\repository\org\apache\tomcat\embed\tomcat-embed-websocket\9.0.22\tomcat-embed-websocket-9.0.22.jar;C:\Users\duan.peng\.m2\repository\org\hibernate\validator\hibernate-validator\6.0.17.Final\hibernate-validator-6.0.17.Final.jar;C:\Users\duan.peng\.m2\repository\javax\validation\validation-api\2.0.1.Final\validation-api-2.0.1.Final.jar;C:\Users\duan.peng\.m2\repository\org\jboss\logging\jboss-logging\3.3.2.Final\jboss-logging-3.3.2.Final.jar;C:\Users\duan.peng\.m2\repository\com\fasterxml\classmate\1.4.0\classmate-1.4.0.jar;C:\Users\duan.peng\.m2\repository\org\springframework\spring-web\5.1.9.RELEASE\spring-web-5.1.9.RELEASE.jar;C:\Users\duan.peng\.m2\repository\org\springframework\spring-beans\5.1.9.RELEASE\spring-beans-5.1.9.RELEASE.jar;C:\Users\duan.peng\.m2\repository\org\springframework\spring-webmvc\5.1.9.RELEASE\spring-webmvc-5.1.9.RELEASE.jar;C:\Users\duan.peng\.m2\repository\org\springframework\spring-aop\5.1.9.RELEASE\spring-aop-5.1.9.RELEASE.jar;C:\Users\duan.peng\.m2\repository\org\springframework\spring-expression\5.1.9.RELEASE\spring-expression-5.1.9.RELEASE.jar;C:\Users\duan.peng\.m2\repository\org\springframework\boot\spring-boot-starter-quartz\2.1.7.RELEASE\spring-boot-starter-quartz-2.1.7.RELEASE.jar;C:\Users\duan.peng\.m2\repository\org\springframework\spring-context-support\5.1.9.RELEASE\spring-context-support-5.1.9.RELEASE.jar;C:\Users\duan.peng\.m2\repository\org\springframework\spring-tx\5.1.9.RELEASE\spring-tx-5.1.9.RELEASE.jar;C:\Users\duan.peng\.m2\repository\org\quartz-scheduler\quartz\2.3.1\quartz-2.3.1.jar;C:\Users\duan.peng\.m2\repository\com\mchange\mchange-commons-java\0.2.15\mchange-commons-java-0.2.15.jar;C:\Users\duan.peng\.m2\repository\com\xuxueli\xxl-job-core\1.9.2\xxl-job-core-1.9.2.jar;C:\Users\duan.peng\.m2\repository\org\eclipse\jetty\jetty-server\9.4.19.v20190610\jetty-server-9.4.19.v20190610.jar;C:\Users\duan.peng\.m2\repository\javax\servlet\javax.servlet-api\4.0.1\javax.servlet-api-4.0.1.jar;C:\Users\duan.peng\.m2\repository\org\eclipse\jetty\jetty-http\9.4.19.v20190610\jetty-http-9.4.19.v20190610.jar;C:\Users\duan.peng\.m2\repository\org\eclipse\jetty\jetty-util\9.4.19.v20190610\jetty-util-9.4.19.v20190610.jar;C:\Users\duan.peng\.m2\repository\org\eclipse\jetty\jetty-io\9.4.19.v20190610\jetty-io-9.4.19.v20190610.jar;C:\Users\duan.peng\.m2\repository\org\apache\httpcomponents\httpclient\4.5.9\httpclient-4.5.9.jar;C:\Users\duan.peng\.m2\repository\org\apache\httpcomponents\httpcore\4.4.11\httpcore-4.4.11.jar;C:\Users\duan.peng\.m2\repository\commons-codec\commons-codec\1.11\commons-codec-1.11.jar;C:\Users\duan.peng\.m2\repository\com\caucho\hessian\4.0.51\hessian-4.0.51.jar;C:\Users\duan.peng\.m2\repository\org\codehaus\groovy\groovy-all\2.4.15\groovy-all-2.4.15.jar;C:\Users\duan.peng\.m2\repository\org\apache\commons\commons-exec\1.3\commons-exec-1.3.jar;C:\Users\duan.peng\.m2\repository\org\springframework\spring-context\5.1.9.RELEASE\spring-context-5.1.9.RELEASE.jar;C:\Users\duan.peng\.m2\repository\com\fasterxml\jackson\core\jackson-databind\2.9.9\jackson-databind-2.9.9.jar;C:\Users\duan.peng\.m2\repository\com\fasterxml\jackson\core\jackson-annotations\2.9.0\jackson-annotations-2.9.0.jar;C:\Users\duan.peng\.m2\repository\com\fasterxml\jackson\core\jackson-core\2.9.9\jackson-core-2.9.9.jar;"/>
    <property name="sun.cpu.endian" value="little"/>
    <property name="user.home" value="C:\Users\duan.peng"/>
    <property name="user.language" value="zh"/>
    <property name="java.specification.vendor" value="Oracle Corporation"/>
    <property name="java.home" value="C:\Program Files\Java\jdk1.8.0_201\jre"/>
    <property name="basedir" value="C:\Users\duan.peng\IdeaProjects\codeNotes\flink"/>
    <property name="file.separator" value="\"/>
    <property name="line.separator" value="&#10;"/>
    <property name="java.vm.specification.vendor" value="Oracle Corporation"/>
    <property name="java.specification.name" value="Java Platform API Specification"/>
    <property name="java.awt.graphicsenv" value="sun.awt.Win32GraphicsEnvironment"/>
    <property name="surefire.real.class.path" value="C:\Users\DUAN~1.PEN\AppData\Local\Temp\surefire7239926505230595753\surefirebooter5207654479152453072.jar"/>
    <property name="sun.boot.class.path" value="C:\Program Files\Java\jdk1.8.0_201\jre\lib\resources.jar;C:\Program Files\Java\jdk1.8.0_201\jre\lib\rt.jar;C:\Program Files\Java\jdk1.8.0_201\jre\lib\sunrsasign.jar;C:\Program Files\Java\jdk1.8.0_201\jre\lib\jsse.jar;C:\Program Files\Java\jdk1.8.0_201\jre\lib\jce.jar;C:\Program Files\Java\jdk1.8.0_201\jre\lib\charsets.jar;C:\Program Files\Java\jdk1.8.0_201\jre\lib\jfr.jar;C:\Program Files\Java\jdk1.8.0_201\jre\classes"/>
    <property name="user.script" value=""/>
    <property name="sun.management.compiler" value="HotSpot 64-Bit Tiered Compilers"/>
    <property name="java.runtime.version" value="1.8.0_201-b09"/>
    <property name="user.name" value="duan.peng"/>
    <property name="path.separator" value=";"/>
    <property name="os.version" value="6.1"/>
    <property name="java.endorsed.dirs" value="C:\Program Files\Java\jdk1.8.0_201\jre\lib\endorsed"/>
    <property name="java.runtime.name" value="Java(TM) SE Runtime Environment"/>
    <property name="file.encoding" value="GBK"/>
    <property name="java.vm.name" value="Java HotSpot(TM) 64-Bit Server VM"/>
    <property name="localRepository" value="C:\Users\duan.peng\.m2\repository"/>
    <property name="java.vendor.url.bug" value="http://bugreport.sun.com/bugreport/"/>
    <property name="java.io.tmpdir" value="C:\Users\DUAN~1.PEN\AppData\Local\Temp\"/>
    <property name="idea.version" value="2018.2.5"/>
    <property name="java.version" value="1.8.0_201"/>
    <property name="user.dir" value="C:\Users\duan.peng\IdeaProjects\codeNotes\flink"/>
    <property name="os.arch" value="amd64"/>
    <property name="java.vm.specification.name" value="Java Virtual Machine Specification"/>
    <property name="java.awt.printerjob" value="sun.awt.windows.WPrinterJob"/>
    <property name="sun.os.patch.level" value="Service Pack 1"/>
    <property name="java.library.path" value="C:\Program Files\Java\jdk1.8.0_201\jre\bin;C:\Windows\Sun\Java\bin;C:\Windows\system32;C:\Windows;E:\software\XSHELL\;E:\software\XFTP\;C:\Program Files (x86)\Common Files\Oracle\Java\javapath;C:\Program Files\Broadcom\Broadcom 802.11 Network Adapter\Driver;C:\Windows\system32;C:\Windows;C:\Windows\System32\Wbem;C:\Windows\System32\WindowsPowerShell\v1.0\;E:\software\node.js\;C:\Program Files\TortoiseSVN\bin;E:\software\Git\cmd;C:\Users\duan.peng\AppData\Local\Programs\Microsoft VS Code\bin;C:\Users\duan.peng\AppData\Local\BypassRuntm;."/>
    <property name="java.vm.info" value="mixed mode"/>
    <property name="java.vendor" value="Oracle Corporation"/>
    <property name="java.vm.version" value="25.201-b09"/>
    <property name="java.ext.dirs" value="C:\Program Files\Java\jdk1.8.0_201\jre\lib\ext;C:\Windows\Sun\Java\lib\ext"/>
    <property name="sun.io.unicode.encoding" value="UnicodeLittle"/>
    <property name="java.class.version" value="52.0"/>
  </properties>
  <testcase name="shouldAnswerWithTrue" classname="com.iduanpeng.AppTest" time="0.001"/>
</testsuite>